[14:35:52] [main/INFO] (FabricLoader/GameProvider) Loading Minecraft 1.21.5 with Fabric Loader 0.16.10
[14:35:53] [ForkJoinPool-1-worker-1/WARN] (FabricLoader/Metadata) Mod nyancat uses the version ${version} which isn't compatible with Loader's extended semantic version format (Could not parse version number component '${version}'!), SemVer is recommended for reliably evaluating dependencies and prioritizing newer version
[14:35:53] [main/INFO] (FabricLoader) Loading 55 mods:
	- fabric-api 0.119.5+1.21.5
	- fabric-api-base 0.4.62+73a52b4b07
	- fabric-api-lookup-api-v1 1.6.95+86c3a9f107
	- fabric-biome-api-v1 16.0.7+2dd063df07
	- fabric-block-api-v1 1.0.37+86c3a9f107
	- fabric-block-view-api-v2 1.0.26+aa6d566c07
	- fabric-blockrenderlayer-v1 2.0.16+86c3a9f107
	- fabric-client-gametest-api-v1 4.1.10+f3ffa98907
	- fabric-client-tags-api-v1 1.1.37+86c3a9f107
	- fabric-command-api-v1 1.2.70+f71b366f07
	- fabric-command-api-v2 2.2.49+73a52b4b07
	- fabric-commands-v0 0.2.87+df3654b307
	- fabric-content-registries-v0 10.0.11+216530c807
	- fabric-convention-tags-v1 2.1.27+7f945d5b07
	- fabric-convention-tags-v2 2.14.1+277f99c707
	- fabric-crash-report-info-v1 0.3.12+86c3a9f107
	- fabric-data-attachment-api-v1 1.6.6+7b20cbb007
	- fabric-data-generation-api-v1 22.3.1+d94614b807
	- fabric-dimensions-v1 4.0.16+86c3a9f107
	- fabric-entity-events-v1 2.0.25+27c1078f07
	- fabric-events-interaction-v0 4.0.13+73a52b4b07
	- fabric-game-rule-api-v1 1.0.70+c327076a07
	- fabric-gametest-api-v1 3.1.1+7b20cbb007
	- fabric-item-api-v1 11.3.1+eeb42f0207
	- fabric-item-group-api-v1 4.2.8+3459fc6107
	- fabric-key-binding-api-v1 1.0.63+ecf51cdc07
	- fabric-keybindings-v0 0.2.61+df3654b307
	- fabric-lifecycle-events-v1 2.5.13+5cbce67307
	- fabric-loot-api-v2 3.0.47+3f89f5a507
	- fabric-loot-api-v3 1.0.35+86c3a9f107
	- fabric-message-api-v1 6.0.33+86c3a9f107
	- fabric-model-loading-api-v1 5.0.2+55bce67a07
	- fabric-networking-api-v1 4.4.0+f3ffa98907
	- fabric-object-builder-api-v1 21.0.0+7b20cbb007
	- fabric-particles-v1 4.0.22+86c3a9f107
	- fabric-recipe-api-v1 8.1.6+052a85d007
	- fabric-registry-sync-v0 6.1.20+b556383207
	- fabric-renderer-api-v1 6.0.0+55bce67a07
	- fabric-renderer-indigo 3.0.0+55bce67a07
	- fabric-rendering-data-attachment-v1 0.3.64+73761d2e07
	- fabric-rendering-fluids-v1 3.1.27+86c3a9f107
	- fabric-rendering-v1 11.1.11+081cc04307
	- fabric-resource-conditions-api-v1 5.0.21+73a52b4b07
	- fabric-resource-loader-v0 3.1.6+02ca679607
	- fabric-screen-api-v1 2.0.46+86c3a9f107
	- fabric-screen-handler-api-v1 1.3.127+c327076a07
	- fabric-sound-api-v1 1.0.38+86c3a9f107
	- fabric-tag-api-v1 1.0.16+ecf51cdc07
	- fabric-transfer-api-v1 5.4.23+7b20cbb007
	- fabric-transitive-access-wideners-v1 6.3.17+f17a180c07
	- fabricloader 0.16.10
	- java 21
	- minecraft 1.21.5
	- mixinextras 0.4.1
	- nyancat ${version}
[14:35:54] [main/INFO] (FabricLoader/Mixin) SpongePowered MIXIN Subsystem Version=0.8.7 Source=file:/C:/Users/MSI/.gradle/caches/modules-2/files-2.1/net.fabricmc/sponge-mixin/0.15.4+mixin.0.8.7/6a12aacc794f1078458433116e9ed42c1cc98096/sponge-mixin-0.15.4+mixin.0.8.7.jar Service=Knot/Fabric Env=CLIENT
[14:35:54] [main/INFO] (FabricLoader/Mixin) Loaded Fabric development mappings for mixin remapper!
[14:35:54] [main/INFO] (FabricLoader/Mixin) Compatibility level set to JAVA_21
[14:35:57] [main/INFO] (FabricLoader/MixinExtras|Service) Initializing MixinExtras via com.llamalad7.mixinextras.service.MixinExtrasServiceImpl(version=0.4.1).
[14:36:04] [Datafixer Bootstrap/INFO] (Minecraft) 263 Datafixer optimizations took 4171 milliseconds
[14:36:17] [Render thread/INFO] (Minecraft) Environment: Environment[sessionHost=https://sessionserver.mojang.com, servicesHost=https://api.minecraftservices.com, name=PROD]
[14:36:17] [Render thread/INFO] (Minecraft) Setting user: Player824
[14:36:18] [Render thread/INFO] (Indigo) [Indigo] Registering Indigo renderer!
[14:36:18] [Render thread/INFO] (Minecraft) Backend library: LWJGL version 3.3.3-snapshot
[14:36:20] [Render thread/INFO] (Minecraft) Using optional rendering extensions: GL_KHR_debug, GL_ARB_vertex_attrib_binding, GL_ARB_direct_state_access
[14:36:22] [Render thread/INFO] (Minecraft) Reloading ResourceManager: vanilla, fabric, fabric-api, fabric-api-base, fabric-api-lookup-api-v1, fabric-biome-api-v1, fabric-block-api-v1, fabric-block-view-api-v2, fabric-blockrenderlayer-v1, fabric-client-gametest-api-v1, fabric-client-tags-api-v1, fabric-command-api-v1, fabric-command-api-v2, fabric-commands-v0, fabric-content-registries-v0, fabric-convention-tags-v1, fabric-convention-tags-v2, fabric-crash-report-info-v1, fabric-data-attachment-api-v1, fabric-data-generation-api-v1, fabric-dimensions-v1, fabric-entity-events-v1, fabric-events-interaction-v0, fabric-game-rule-api-v1, fabric-gametest-api-v1, fabric-item-api-v1, fabric-item-group-api-v1, fabric-key-binding-api-v1, fabric-keybindings-v0, fabric-lifecycle-events-v1, fabric-loot-api-v2, fabric-loot-api-v3, fabric-message-api-v1, fabric-model-loading-api-v1, fabric-networking-api-v1, fabric-object-builder-api-v1, fabric-particles-v1, fabric-recipe-api-v1, fabric-registry-sync-v0, fabric-renderer-api-v1, fabric-renderer-indigo, fabric-rendering-data-attachment-v1, fabric-rendering-fluids-v1, fabric-rendering-v1, fabric-resource-conditions-api-v1, fabric-resource-loader-v0, fabric-screen-api-v1, fabric-screen-handler-api-v1, fabric-sound-api-v1, fabric-tag-api-v1, fabric-transfer-api-v1, fabric-transitive-access-wideners-v1, fabricloader, nyancat
[14:36:22] [Download-1/INFO] (Minecraft) Could not authorize you against Realms server: Invalid session id
[14:36:22] [Worker-Main-6/INFO] (Minecraft) Found unifont_all_no_pua-16.0.01.hex, loading
[14:36:22] [Download-1/ERROR] (Minecraft) Failed to fetch Realms feature flags
net.minecraft.client.realms.exception.RealmsServiceException: Realms authentication error with message 'Invalid session id'
	at knot/net.minecraft.client.realms.RealmsClient.execute(RealmsClient.java:495) ~[minecraft-clientOnly-5e5bca9d97-1.21.5-net.fabricmc.yarn.1_21_5.1.21.5+build.1-v2.jar:?]
	at knot/net.minecraft.client.realms.RealmsClient.fetchFeatureFlags(RealmsClient.java:177) ~[minecraft-clientOnly-5e5bca9d97-1.21.5-net.fabricmc.yarn.1_21_5.1.21.5+build.1-v2.jar:?]
	at java.base/java.util.concurrent.CompletableFuture$AsyncSupply.run(CompletableFuture.java:1768) ~[?:?]
	at java.base/java.util.concurrent.ThreadPoolExecutor.runWorker(ThreadPoolExecutor.java:1144) ~[?:?]
	at java.base/java.util.concurrent.ThreadPoolExecutor$Worker.run(ThreadPoolExecutor.java:642) ~[?:?]
	at java.base/java.lang.Thread.run(Thread.java:1583) [?:?]
[14:36:23] [Worker-Main-13/INFO] (Minecraft) Found unifont_jp_patch-16.0.01.hex, loading
[14:36:25] [Worker-Main-7/WARN] (Minecraft) Missing model for variant: 'Block{nyancat:waffle_pile}'
[14:36:25] [Worker-Main-7/WARN] (Minecraft) Missing model for variant: 'Block{nyancat:poptart_pile}'
[14:36:25] [Render thread/WARN] (Minecraft) minecraft:pipeline/entity_translucent_emissive shader program does not use sampler Sampler2 defined in the pipeline. This might be a bug.
[14:36:25] [Render thread/INFO] (Minecraft) OpenAL initialized on device OpenAL Soft on Speakers (USB Audio Device)
[14:36:25] [Render thread/INFO] (Minecraft) Sound engine started
[14:36:25] [Render thread/INFO] (Minecraft) Created: 1024x512x4 minecraft:textures/atlas/blocks.png-atlas
[14:36:25] [Render thread/INFO] (Minecraft) Created: 256x256x4 minecraft:textures/atlas/signs.png-atlas
[14:36:25] [Render thread/INFO] (Minecraft) Created: 512x512x4 minecraft:textures/atlas/shield_patterns.png-atlas
[14:36:25] [Render thread/INFO] (Minecraft) Created: 512x512x4 minecraft:textures/atlas/banner_patterns.png-atlas
[14:36:25] [Render thread/INFO] (Minecraft) Created: 2048x1024x4 minecraft:textures/atlas/armor_trims.png-atlas
[14:36:25] [Render thread/INFO] (Minecraft) Created: 128x64x4 minecraft:textures/atlas/decorated_pot.png-atlas
[14:36:25] [Render thread/INFO] (Minecraft) Created: 256x256x4 minecraft:textures/atlas/chest.png-atlas
[14:36:25] [Render thread/INFO] (Minecraft) Created: 512x256x4 minecraft:textures/atlas/beds.png-atlas
[14:36:25] [Render thread/INFO] (Minecraft) Created: 512x256x4 minecraft:textures/atlas/shulker_boxes.png-atlas
[14:36:25] [Render thread/INFO] (Minecraft) Created: 64x64x0 minecraft:textures/atlas/map_decorations.png-atlas
[14:36:25] [Render thread/INFO] (Minecraft) Created: 512x256x0 minecraft:textures/atlas/particles.png-atlas
[14:36:25] [Render thread/INFO] (Minecraft) Created: 512x256x0 minecraft:textures/atlas/paintings.png-atlas
[14:36:25] [Render thread/INFO] (Minecraft) Created: 256x128x0 minecraft:textures/atlas/mob_effects.png-atlas
[14:36:25] [Render thread/INFO] (Minecraft) Created: 1024x512x0 minecraft:textures/atlas/gui.png-atlas
[14:36:31] [Render thread/INFO] (Minecraft) Loaded 1373 recipes
[14:36:31] [Render thread/INFO] (Minecraft) Loaded 1484 advancements
[14:36:31] [Render thread/INFO] (BiomeModificationImpl) Applied 0 biome modifications to 0 of 65 new biomes in 2.546 ms
[14:36:31] [Server thread/INFO] (Minecraft) Starting integrated minecraft server version 1.21.5
[14:36:31] [Server thread/INFO] (Minecraft) Generating keypair
[14:36:32] [Server thread/INFO] (Minecraft) Preparing start region for dimension minecraft:overworld
[14:36:34] [Render thread/INFO] (Minecraft) Preparing spawn area: 0%
[14:36:34] [Render thread/INFO] (Minecraft) Preparing spawn area: 0%
[14:36:34] [Render thread/INFO] (Minecraft) Preparing spawn area: 0%
[14:36:34] [Render thread/INFO] (Minecraft) Preparing spawn area: 0%
[14:36:34] [Render thread/INFO] (Minecraft) Preparing spawn area: 0%
[14:36:35] [Render thread/INFO] (Minecraft) Preparing spawn area: 2%
[14:36:35] [Render thread/INFO] (Minecraft) Time elapsed: 2750 ms
[14:36:35] [Server thread/INFO] (Minecraft) Changing view distance to 12, from 10
[14:36:35] [Server thread/INFO] (Minecraft) Changing simulation distance to 12, from 0
[14:36:38] [Server thread/INFO] (Minecraft) Player824[local:E:c6be11f4] logged in with entity id 91 at (33.090900652996645, 67.0, -7.141304639241661)
[14:36:38] [Server thread/INFO] (Minecraft) Player824 joined the game
[14:36:38] [Render thread/INFO] (Minecraft) Loaded 2 advancements
[14:36:40] [Server thread/INFO] (Minecraft) Saving and pausing game...
[14:36:40] [Server thread/INFO] (Minecraft) Saving chunks for level 'ServerLevel[New World]'/minecraft:overworld
[14:36:40] [Server thread/INFO] (Minecraft) Saving chunks for level 'ServerLevel[New World]'/minecraft:the_end
[14:36:40] [Server thread/INFO] (Minecraft) Saving chunks for level 'ServerLevel[New World]'/minecraft:the_nether
[14:37:14] [Server thread/INFO] (Minecraft) [Player824: Summoned new entity.nyancat.weird_looking_cat]
[14:37:14] [Render thread/INFO] (Minecraft) [System] [CHAT] Summoned new entity.nyancat.weird_looking_cat
[14:37:15] [Server thread/INFO] (Minecraft) [Player824: Summoned new entity.nyancat.weird_looking_cat]
[14:37:15] [Render thread/INFO] (Minecraft) [System] [CHAT] Summoned new entity.nyancat.weird_looking_cat
[14:37:20] [Server thread/INFO] (Minecraft) Player824 has made the advancement [Best Friends Forever]
[14:37:20] [Render thread/INFO] (Minecraft) [System] [CHAT] Player824 has made the advancement [Best Friends Forever]
[14:37:20] [Render thread/INFO] (Minecraft) Loaded 8 advancements
[14:37:21] [Server thread/INFO] (Minecraft) Saving and pausing game...
[14:37:21] [Server thread/INFO] (Minecraft) Saving chunks for level 'ServerLevel[New World]'/minecraft:overworld
[14:37:21] [Server thread/INFO] (Minecraft) Saving chunks for level 'ServerLevel[New World]'/minecraft:the_end
[14:37:21] [Server thread/INFO] (Minecraft) Saving chunks for level 'ServerLevel[New World]'/minecraft:the_nether
[14:37:25] [Server thread/INFO] (Minecraft) Saving and pausing game...
[14:37:25] [Server thread/INFO] (Minecraft) Saving chunks for level 'ServerLevel[New World]'/minecraft:overworld
[14:37:25] [Server thread/INFO] (Minecraft) Saving chunks for level 'ServerLevel[New World]'/minecraft:the_end
[14:37:25] [Server thread/INFO] (Minecraft) Saving chunks for level 'ServerLevel[New World]'/minecraft:the_nether
[14:37:28] [Server thread/INFO] (Minecraft) Saving and pausing game...
[14:37:28] [Server thread/INFO] (Minecraft) Saving chunks for level 'ServerLevel[New World]'/minecraft:overworld
[14:37:28] [Server thread/INFO] (Minecraft) Saving chunks for level 'ServerLevel[New World]'/minecraft:the_end
[14:37:28] [Server thread/INFO] (Minecraft) Saving chunks for level 'ServerLevel[New World]'/minecraft:the_nether
[14:37:30] [Server thread/INFO] (Minecraft) Saving and pausing game...
[14:37:30] [Server thread/INFO] (Minecraft) Saving chunks for level 'ServerLevel[New World]'/minecraft:overworld
[14:37:30] [Server thread/INFO] (Minecraft) Saving chunks for level 'ServerLevel[New World]'/minecraft:the_end
[14:37:30] [Server thread/INFO] (Minecraft) Saving chunks for level 'ServerLevel[New World]'/minecraft:the_nether
[14:37:33] [Render thread/INFO] (Minecraft) [System] [CHAT] Car will Follow!
[14:37:35] [Server thread/INFO] (Minecraft) Saving and pausing game...
[14:37:35] [Server thread/INFO] (Minecraft) Saving chunks for level 'ServerLevel[New World]'/minecraft:overworld
[14:37:35] [Server thread/INFO] (Minecraft) Saving chunks for level 'ServerLevel[New World]'/minecraft:the_end
[14:37:35] [Server thread/INFO] (Minecraft) Saving chunks for level 'ServerLevel[New World]'/minecraft:the_nether
[14:37:39] [Render thread/INFO] (Minecraft) [System] [CHAT] Car2 will Fight!
[14:37:45] [Server thread/INFO] (Minecraft) Saving and pausing game...
[14:37:45] [Server thread/INFO] (Minecraft) Saving chunks for level 'ServerLevel[New World]'/minecraft:overworld
[14:37:45] [Server thread/INFO] (Minecraft) Saving chunks for level 'ServerLevel[New World]'/minecraft:the_end
[14:37:45] [Server thread/INFO] (Minecraft) Saving chunks for level 'ServerLevel[New World]'/minecraft:the_nether
[14:38:00] [Server thread/INFO] (Minecraft) [Player824: Gave 1 [block.nyancat.waffle_pile] to Player824]
[14:38:00] [Render thread/INFO] (Minecraft) [System] [CHAT] Gave 1 [block.nyancat.waffle_pile] to Player824
[14:38:11] [Server thread/INFO] (Minecraft) Saving and pausing game...
[14:38:11] [Server thread/INFO] (Minecraft) Saving chunks for level 'ServerLevel[New World]'/minecraft:overworld
[14:38:11] [Server thread/INFO] (Minecraft) Saving chunks for level 'ServerLevel[New World]'/minecraft:the_end
[14:38:11] [Server thread/INFO] (Minecraft) Saving chunks for level 'ServerLevel[New World]'/minecraft:the_nether
[14:38:12] [Render thread/INFO] (Minecraft) Stopping!
[14:38:12] [Server thread/INFO] (Minecraft) Player824 lost connection: Disconnected
[14:38:12] [Server thread/INFO] (Minecraft) Player824 left the game
[14:38:12] [Server thread/INFO] (Minecraft) Stopping singleplayer server as player logged out
[14:38:12] [Server thread/INFO] (Minecraft) Stopping server
[14:38:12] [Server thread/INFO] (Minecraft) Saving players
[14:38:12] [Server thread/INFO] (Minecraft) Saving worlds
[14:38:12] [Server thread/INFO] (Minecraft) Saving chunks for level 'ServerLevel[New World]'/minecraft:overworld
[14:38:12] [Server thread/INFO] (Minecraft) Saving chunks for level 'ServerLevel[New World]'/minecraft:the_end
[14:38:12] [Server thread/INFO] (Minecraft) Saving chunks for level 'ServerLevel[New World]'/minecraft:the_nether
[14:38:12] [Server thread/INFO] (Minecraft) ThreadedAnvilChunkStorage (New World (1)): All chunks are saved
[14:38:12] [Server thread/INFO] (Minecraft) ThreadedAnvilChunkStorage (DIM1): All chunks are saved
[14:38:12] [Server thread/INFO] (Minecraft) ThreadedAnvilChunkStorage (DIM-1): All chunks are saved
[14:38:12] [Server thread/INFO] (Minecraft) ThreadedAnvilChunkStorage: All dimensions are saved
